<?xml version="1.0" encoding="UTF-8"?>
<!-- Generated by org.testng.reporters.JUnitReportReporter -->
<testsuite skipped="0" hostname="gulbahars-MacBook-Pro.local" name="com.hrms.testcases.DataProDemo" tests="3" failures="0" timestamp="2020-06-04T21:33:05 EDT" time="0.002" errors="0">
  <testcase name="addEmp" time="0.000" classname="com.hrms.testcases.DataProDemo"/>
  <system-out/>
  <testcase name="addEmp" time="0.001" classname="com.hrms.testcases.DataProDemo"/>
  <system-out/>
  <testcase name="addEmp" time="0.001" classname="com.hrms.testcases.DataProDemo"/>
  <system-out/>
</testsuite> <!-- com.hrms.testcases.DataProDemo -->
