<?xml version="1.0" encoding="UTF-8"?>
<!-- Generated by org.testng.reporters.JUnitReportReporter -->
<testsuite skipped="0" hostname="gulbahars-MacBook-Pro.local" name="com.hrms.testcases.AnnotationDemo" tests="3" failures="0" timestamp="2020-06-04T21:33:05 EDT" time="0.006" errors="0">
  <testcase name="methodOne" time="0.004" classname="com.hrms.testcases.AnnotationDemo"/>
  <system-out/>
  <testcase name="methodTwo" time="0.001" classname="com.hrms.testcases.AnnotationDemo"/>
  <system-out/>
  <testcase name="methodThree" time="0.001" classname="com.hrms.testcases.AnnotationDemo"/>
  <system-out/>
</testsuite> <!-- com.hrms.testcases.AnnotationDemo -->
